The system is: Linux - 4.18.0-147.8.1.el8_1.x86_64 - x86_64
Compiling the C compiler identification source file "CMakeCCompilerId.c" succeeded.
Compiler: /home/and21829/llvm/llvm_19/build/bin/clang 
Build flags: 
Id flags:  

The output was:
0


Compilation of the C compiler identification source "CMakeCCompilerId.c" produced "a.out"

The C compiler identification is Clang, found in "/home/and21829/llvm/memtrace-llvmpass/build/CMakeFiles/3.11.4/CompilerIdC/a.out"

Compiling the CXX compiler identification source file "CMakeCXXCompilerId.cpp" succeeded.
Compiler: /home/and21829/llvm/llvm_19/build/bin/clang++ 
Build flags: 
Id flags:  

The output was:
0


Compilation of the CXX compiler identification source "CMakeCXXCompilerId.cpp" produced "a.out"

The CXX compiler identification is Clang, found in "/home/and21829/llvm/memtrace-llvmpass/build/CMakeFiles/3.11.4/CompilerIdCXX/a.out"

Determining if the C compiler works passed with the following output:
Change Dir: /home/and21829/llvm/memtrace-llvmpass/build/CMakeFiles/CMakeTmp

Run Build Command:"/usr/bin/gmake" "cmTC_3ff30/fast"
/usr/bin/gmake -f CMakeFiles/cmTC_3ff30.dir/build.make CMakeFiles/cmTC_3ff30.dir/build
gmake[1]: Entering directory '/home/and21829/llvm/memtrace-llvmpass/build/CMakeFiles/CMakeTmp'
Building C object CMakeFiles/cmTC_3ff30.dir/testCCompiler.c.o
/home/and21829/llvm/llvm_19/build/bin/clang    -o CMakeFiles/cmTC_3ff30.dir/testCCompiler.c.o   -c /home/and21829/llvm/memtrace-llvmpass/build/CMakeFiles/CMakeTmp/testCCompiler.c
Linking C executable cmTC_3ff30
/usr/bin/cmake -E cmake_link_script CMakeFiles/cmTC_3ff30.dir/link.txt --verbose=1
/home/and21829/llvm/llvm_19/build/bin/clang      -rdynamic CMakeFiles/cmTC_3ff30.dir/testCCompiler.c.o  -o cmTC_3ff30 
gmake[1]: Leaving directory '/home/and21829/llvm/memtrace-llvmpass/build/CMakeFiles/CMakeTmp'


Detecting C compiler ABI info compiled with the following output:
Change Dir: /home/and21829/llvm/memtrace-llvmpass/build/CMakeFiles/CMakeTmp

Run Build Command:"/usr/bin/gmake" "cmTC_1af37/fast"
/usr/bin/gmake -f CMakeFiles/cmTC_1af37.dir/build.make CMakeFiles/cmTC_1af37.dir/build
gmake[1]: Entering directory '/home/and21829/llvm/memtrace-llvmpass/build/CMakeFiles/CMakeTmp'
Building C object CMakeFiles/cmTC_1af37.dir/CMakeCCompilerABI.c.o
/home/and21829/llvm/llvm_19/build/bin/clang    -o CMakeFiles/cmTC_1af37.dir/CMakeCCompilerABI.c.o   -c /usr/share/cmake/Modules/CMakeCCompilerABI.c
Linking C executable cmTC_1af37
/usr/bin/cmake -E cmake_link_script CMakeFiles/cmTC_1af37.dir/link.txt --verbose=1
/home/and21829/llvm/llvm_19/build/bin/clang     -v -rdynamic CMakeFiles/cmTC_1af37.dir/CMakeCCompilerABI.c.o  -o cmTC_1af37 
clang version 19.1.7 (https://github.com/llvm/llvm-project.git cd708029e0b2869e80abe31ddb175f7c35361f90)
Target: x86_64-unknown-linux-gnu
Thread model: posix
InstalledDir: /home/and21829/llvm/llvm_19/build/bin
Found candidate GCC installation: /usr/lib/gcc/x86_64-redhat-linux/8
Selected GCC installation: /usr/lib/gcc/x86_64-redhat-linux/8
Candidate multilib: .;@m64
Candidate multilib: 32;@m32
Selected multilib: .;@m64
 "/usr/bin/ld" --hash-style=gnu --eh-frame-hdr -m elf_x86_64 -export-dynamic -pie -dynamic-linker /lib64/ld-linux-x86-64.so.2 -o cmTC_1af37 /usr/lib/gcc/x86_64-redhat-linux/8/../../../../lib64/Scrt1.o /usr/lib/gcc/x86_64-redhat-linux/8/../../../../lib64/crti.o /usr/lib/gcc/x86_64-redhat-linux/8/crtbeginS.o -L/usr/lib/gcc/x86_64-redhat-linux/8 -L/usr/lib/gcc/x86_64-redhat-linux/8/../../../../lib64 -L/lib/../lib64 -L/usr/lib/../lib64 -L/lib -L/usr/lib CMakeFiles/cmTC_1af37.dir/CMakeCCompilerABI.c.o -lgcc --as-needed -lgcc_s --no-as-needed -lc -lgcc --as-needed -lgcc_s --no-as-needed /usr/lib/gcc/x86_64-redhat-linux/8/crtendS.o /usr/lib/gcc/x86_64-redhat-linux/8/../../../../lib64/crtn.o
gmake[1]: Leaving directory '/home/and21829/llvm/memtrace-llvmpass/build/CMakeFiles/CMakeTmp'


Parsed C implicit link information from above output:
  link line regex: [^( *|.*[/\])(ld|CMAKE_LINK_STARTFILE-NOTFOUND|([^/\]+-)?ld|collect2)[^/\]*( |$)]
  ignore line: [Change Dir: /home/and21829/llvm/memtrace-llvmpass/build/CMakeFiles/CMakeTmp]
  ignore line: []
  ignore line: [Run Build Command:"/usr/bin/gmake" "cmTC_1af37/fast"]
  ignore line: [/usr/bin/gmake -f CMakeFiles/cmTC_1af37.dir/build.make CMakeFiles/cmTC_1af37.dir/build]
  ignore line: [gmake[1]: Entering directory '/home/and21829/llvm/memtrace-llvmpass/build/CMakeFiles/CMakeTmp']
  ignore line: [Building C object CMakeFiles/cmTC_1af37.dir/CMakeCCompilerABI.c.o]
  ignore line: [/home/and21829/llvm/llvm_19/build/bin/clang    -o CMakeFiles/cmTC_1af37.dir/CMakeCCompilerABI.c.o   -c /usr/share/cmake/Modules/CMakeCCompilerABI.c]
  ignore line: [Linking C executable cmTC_1af37]
  ignore line: [/usr/bin/cmake -E cmake_link_script CMakeFiles/cmTC_1af37.dir/link.txt --verbose=1]
  ignore line: [/home/and21829/llvm/llvm_19/build/bin/clang     -v -rdynamic CMakeFiles/cmTC_1af37.dir/CMakeCCompilerABI.c.o  -o cmTC_1af37 ]
  ignore line: [clang version 19.1.7 (https://github.com/llvm/llvm-project.git cd708029e0b2869e80abe31ddb175f7c35361f90)]
  ignore line: [Target: x86_64-unknown-linux-gnu]
  ignore line: [Thread model: posix]
  ignore line: [InstalledDir: /home/and21829/llvm/llvm_19/build/bin]
  ignore line: [Found candidate GCC installation: /usr/lib/gcc/x86_64-redhat-linux/8]
  ignore line: [Selected GCC installation: /usr/lib/gcc/x86_64-redhat-linux/8]
  ignore line: [Candidate multilib: .]
  ignore line: [@m64]
  ignore line: [Candidate multilib: 32]
  ignore line: [@m32]
  ignore line: [Selected multilib: .]
  ignore line: [@m64]
  link line: [ "/usr/bin/ld" --hash-style=gnu --eh-frame-hdr -m elf_x86_64 -export-dynamic -pie -dynamic-linker /lib64/ld-linux-x86-64.so.2 -o cmTC_1af37 /usr/lib/gcc/x86_64-redhat-linux/8/../../../../lib64/Scrt1.o /usr/lib/gcc/x86_64-redhat-linux/8/../../../../lib64/crti.o /usr/lib/gcc/x86_64-redhat-linux/8/crtbeginS.o -L/usr/lib/gcc/x86_64-redhat-linux/8 -L/usr/lib/gcc/x86_64-redhat-linux/8/../../../../lib64 -L/lib/../lib64 -L/usr/lib/../lib64 -L/lib -L/usr/lib CMakeFiles/cmTC_1af37.dir/CMakeCCompilerABI.c.o -lgcc --as-needed -lgcc_s --no-as-needed -lc -lgcc --as-needed -lgcc_s --no-as-needed /usr/lib/gcc/x86_64-redhat-linux/8/crtendS.o /usr/lib/gcc/x86_64-redhat-linux/8/../../../../lib64/crtn.o]
    arg [/usr/bin/ld] ==> ignore
    arg [--hash-style=gnu] ==> ignore
    arg [--eh-frame-hdr] ==> ignore
    arg [-m] ==> ignore
    arg [elf_x86_64] ==> ignore
    arg [-export-dynamic] ==> ignore
    arg [-pie] ==> ignore
    arg [-dynamic-linker] ==> ignore
    arg [/lib64/ld-linux-x86-64.so.2] ==> ignore
    arg [-o] ==> ignore
    arg [cmTC_1af37] ==> ignore
    arg [/usr/lib/gcc/x86_64-redhat-linux/8/../../../../lib64/Scrt1.o] ==> ignore
    arg [/usr/lib/gcc/x86_64-redhat-linux/8/../../../../lib64/crti.o] ==> ignore
    arg [/usr/lib/gcc/x86_64-redhat-linux/8/crtbeginS.o] ==> ignore
    arg [-L/usr/lib/gcc/x86_64-redhat-linux/8] ==> dir [/usr/lib/gcc/x86_64-redhat-linux/8]
    arg [-L/usr/lib/gcc/x86_64-redhat-linux/8/../../../../lib64] ==> dir [/usr/lib/gcc/x86_64-redhat-linux/8/../../../../lib64]
    arg [-L/lib/../lib64] ==> dir [/lib/../lib64]
    arg [-L/usr/lib/../lib64] ==> dir [/usr/lib/../lib64]
    arg [-L/lib] ==> dir [/lib]
    arg [-L/usr/lib] ==> dir [/usr/lib]
    arg [CMakeFiles/cmTC_1af37.dir/CMakeCCompilerABI.c.o] ==> ignore
    arg [-lgcc] ==> lib [gcc]
    arg [--as-needed] ==> ignore
    arg [-lgcc_s] ==> lib [gcc_s]
    arg [--no-as-needed] ==> ignore
    arg [-lc] ==> lib [c]
    arg [-lgcc] ==> lib [gcc]
    arg [--as-needed] ==> ignore
    arg [-lgcc_s] ==> lib [gcc_s]
    arg [--no-as-needed] ==> ignore
    arg [/usr/lib/gcc/x86_64-redhat-linux/8/crtendS.o] ==> ignore
    arg [/usr/lib/gcc/x86_64-redhat-linux/8/../../../../lib64/crtn.o] ==> ignore
  collapse library dir [/usr/lib/gcc/x86_64-redhat-linux/8] ==> [/usr/lib/gcc/x86_64-redhat-linux/8]
  collapse library dir [/usr/lib/gcc/x86_64-redhat-linux/8/../../../../lib64] ==> [/usr/lib64]
  collapse library dir [/lib/../lib64] ==> [/lib64]
  collapse library dir [/usr/lib/../lib64] ==> [/usr/lib64]
  collapse library dir [/lib] ==> [/lib]
  collapse library dir [/usr/lib] ==> [/usr/lib]
  implicit libs: [gcc;gcc_s;c;gcc;gcc_s]
  implicit dirs: [/usr/lib/gcc/x86_64-redhat-linux/8;/usr/lib64;/lib64;/lib;/usr/lib]
  implicit fwks: []




Detecting C [-std=c11] compiler features compiled with the following output:
Change Dir: /home/and21829/llvm/memtrace-llvmpass/build/CMakeFiles/CMakeTmp

Run Build Command:"/usr/bin/gmake" "cmTC_ac2a3/fast"
/usr/bin/gmake -f CMakeFiles/cmTC_ac2a3.dir/build.make CMakeFiles/cmTC_ac2a3.dir/build
gmake[1]: Entering directory '/home/and21829/llvm/memtrace-llvmpass/build/CMakeFiles/CMakeTmp'
Building C object CMakeFiles/cmTC_ac2a3.dir/feature_tests.c.o
/home/and21829/llvm/llvm_19/build/bin/clang   -std=c11 -o CMakeFiles/cmTC_ac2a3.dir/feature_tests.c.o   -c /home/and21829/llvm/memtrace-llvmpass/build/CMakeFiles/feature_tests.c
Linking C executable cmTC_ac2a3
/usr/bin/cmake -E cmake_link_script CMakeFiles/cmTC_ac2a3.dir/link.txt --verbose=1
/home/and21829/llvm/llvm_19/build/bin/clang      -rdynamic CMakeFiles/cmTC_ac2a3.dir/feature_tests.c.o  -o cmTC_ac2a3 
gmake[1]: Leaving directory '/home/and21829/llvm/memtrace-llvmpass/build/CMakeFiles/CMakeTmp'


    Feature record: C_FEATURE:1c_function_prototypes
    Feature record: C_FEATURE:1c_restrict
    Feature record: C_FEATURE:1c_static_assert
    Feature record: C_FEATURE:1c_variadic_macros


Detecting C [-std=c99] compiler features compiled with the following output:
Change Dir: /home/and21829/llvm/memtrace-llvmpass/build/CMakeFiles/CMakeTmp

Run Build Command:"/usr/bin/gmake" "cmTC_6db78/fast"
/usr/bin/gmake -f CMakeFiles/cmTC_6db78.dir/build.make CMakeFiles/cmTC_6db78.dir/build
gmake[1]: Entering directory '/home/and21829/llvm/memtrace-llvmpass/build/CMakeFiles/CMakeTmp'
Building C object CMakeFiles/cmTC_6db78.dir/feature_tests.c.o
/home/and21829/llvm/llvm_19/build/bin/clang   -std=c99 -o CMakeFiles/cmTC_6db78.dir/feature_tests.c.o   -c /home/and21829/llvm/memtrace-llvmpass/build/CMakeFiles/feature_tests.c
Linking C executable cmTC_6db78
/usr/bin/cmake -E cmake_link_script CMakeFiles/cmTC_6db78.dir/link.txt --verbose=1
/home/and21829/llvm/llvm_19/build/bin/clang      -rdynamic CMakeFiles/cmTC_6db78.dir/feature_tests.c.o  -o cmTC_6db78 
gmake[1]: Leaving directory '/home/and21829/llvm/memtrace-llvmpass/build/CMakeFiles/CMakeTmp'


    Feature record: C_FEATURE:1c_function_prototypes
    Feature record: C_FEATURE:1c_restrict
    Feature record: C_FEATURE:0c_static_assert
    Feature record: C_FEATURE:1c_variadic_macros


Detecting C [-std=c90] compiler features compiled with the following output:
Change Dir: /home/and21829/llvm/memtrace-llvmpass/build/CMakeFiles/CMakeTmp

Run Build Command:"/usr/bin/gmake" "cmTC_93ec3/fast"
/usr/bin/gmake -f CMakeFiles/cmTC_93ec3.dir/build.make CMakeFiles/cmTC_93ec3.dir/build
gmake[1]: Entering directory '/home/and21829/llvm/memtrace-llvmpass/build/CMakeFiles/CMakeTmp'
Building C object CMakeFiles/cmTC_93ec3.dir/feature_tests.c.o
/home/and21829/llvm/llvm_19/build/bin/clang   -std=c90 -o CMakeFiles/cmTC_93ec3.dir/feature_tests.c.o   -c /home/and21829/llvm/memtrace-llvmpass/build/CMakeFiles/feature_tests.c
Linking C executable cmTC_93ec3
/usr/bin/cmake -E cmake_link_script CMakeFiles/cmTC_93ec3.dir/link.txt --verbose=1
/home/and21829/llvm/llvm_19/build/bin/clang      -rdynamic CMakeFiles/cmTC_93ec3.dir/feature_tests.c.o  -o cmTC_93ec3 
gmake[1]: Leaving directory '/home/and21829/llvm/memtrace-llvmpass/build/CMakeFiles/CMakeTmp'


    Feature record: C_FEATURE:1c_function_prototypes
    Feature record: C_FEATURE:0c_restrict
    Feature record: C_FEATURE:0c_static_assert
    Feature record: C_FEATURE:0c_variadic_macros
Determining if the CXX compiler works passed with the following output:
Change Dir: /home/and21829/llvm/memtrace-llvmpass/build/CMakeFiles/CMakeTmp

Run Build Command:"/usr/bin/gmake" "cmTC_faeb6/fast"
/usr/bin/gmake -f CMakeFiles/cmTC_faeb6.dir/build.make CMakeFiles/cmTC_faeb6.dir/build
gmake[1]: Entering directory '/home/and21829/llvm/memtrace-llvmpass/build/CMakeFiles/CMakeTmp'
Building CXX object CMakeFiles/cmTC_faeb6.dir/testCXXCompiler.cxx.o
/home/and21829/llvm/llvm_19/build/bin/clang++     -o CMakeFiles/cmTC_faeb6.dir/testCXXCompiler.cxx.o -c /home/and21829/llvm/memtrace-llvmpass/build/CMakeFiles/CMakeTmp/testCXXCompiler.cxx
Linking CXX executable cmTC_faeb6
/usr/bin/cmake -E cmake_link_script CMakeFiles/cmTC_faeb6.dir/link.txt --verbose=1
/home/and21829/llvm/llvm_19/build/bin/clang++       -rdynamic CMakeFiles/cmTC_faeb6.dir/testCXXCompiler.cxx.o  -o cmTC_faeb6 
gmake[1]: Leaving directory '/home/and21829/llvm/memtrace-llvmpass/build/CMakeFiles/CMakeTmp'


Detecting CXX compiler ABI info compiled with the following output:
Change Dir: /home/and21829/llvm/memtrace-llvmpass/build/CMakeFiles/CMakeTmp

Run Build Command:"/usr/bin/gmake" "cmTC_1aa87/fast"
/usr/bin/gmake -f CMakeFiles/cmTC_1aa87.dir/build.make CMakeFiles/cmTC_1aa87.dir/build
gmake[1]: Entering directory '/home/and21829/llvm/memtrace-llvmpass/build/CMakeFiles/CMakeTmp'
Building CXX object CMakeFiles/cmTC_1aa87.dir/CMakeCXXCompilerABI.cpp.o
/home/and21829/llvm/llvm_19/build/bin/clang++     -o CMakeFiles/cmTC_1aa87.dir/CMakeCXXCompilerABI.cpp.o -c /usr/share/cmake/Modules/CMakeCXXCompilerABI.cpp
Linking CXX executable cmTC_1aa87
/usr/bin/cmake -E cmake_link_script CMakeFiles/cmTC_1aa87.dir/link.txt --verbose=1
/home/and21829/llvm/llvm_19/build/bin/clang++      -v -rdynamic CMakeFiles/cmTC_1aa87.dir/CMakeCXXCompilerABI.cpp.o  -o cmTC_1aa87 
clang version 19.1.7 (https://github.com/llvm/llvm-project.git cd708029e0b2869e80abe31ddb175f7c35361f90)
Target: x86_64-unknown-linux-gnu
Thread model: posix
InstalledDir: /home/and21829/llvm/llvm_19/build/bin
Found candidate GCC installation: /usr/lib/gcc/x86_64-redhat-linux/8
Selected GCC installation: /usr/lib/gcc/x86_64-redhat-linux/8
Candidate multilib: .;@m64
Candidate multilib: 32;@m32
Selected multilib: .;@m64
 "/usr/bin/ld" --hash-style=gnu --eh-frame-hdr -m elf_x86_64 -export-dynamic -pie -dynamic-linker /lib64/ld-linux-x86-64.so.2 -o cmTC_1aa87 /usr/lib/gcc/x86_64-redhat-linux/8/../../../../lib64/Scrt1.o /usr/lib/gcc/x86_64-redhat-linux/8/../../../../lib64/crti.o /usr/lib/gcc/x86_64-redhat-linux/8/crtbeginS.o -L/usr/lib/gcc/x86_64-redhat-linux/8 -L/usr/lib/gcc/x86_64-redhat-linux/8/../../../../lib64 -L/lib/../lib64 -L/usr/lib/../lib64 -L/lib -L/usr/lib CMakeFiles/cmTC_1aa87.dir/CMakeCXXCompilerABI.cpp.o -lstdc++ -lm -lgcc_s -lgcc -lc -lgcc_s -lgcc /usr/lib/gcc/x86_64-redhat-linux/8/crtendS.o /usr/lib/gcc/x86_64-redhat-linux/8/../../../../lib64/crtn.o
gmake[1]: Leaving directory '/home/and21829/llvm/memtrace-llvmpass/build/CMakeFiles/CMakeTmp'


Parsed CXX implicit link information from above output:
  link line regex: [^( *|.*[/\])(ld|CMAKE_LINK_STARTFILE-NOTFOUND|([^/\]+-)?ld|collect2)[^/\]*( |$)]
  ignore line: [Change Dir: /home/and21829/llvm/memtrace-llvmpass/build/CMakeFiles/CMakeTmp]
  ignore line: []
  ignore line: [Run Build Command:"/usr/bin/gmake" "cmTC_1aa87/fast"]
  ignore line: [/usr/bin/gmake -f CMakeFiles/cmTC_1aa87.dir/build.make CMakeFiles/cmTC_1aa87.dir/build]
  ignore line: [gmake[1]: Entering directory '/home/and21829/llvm/memtrace-llvmpass/build/CMakeFiles/CMakeTmp']
  ignore line: [Building CXX object CMakeFiles/cmTC_1aa87.dir/CMakeCXXCompilerABI.cpp.o]
  ignore line: [/home/and21829/llvm/llvm_19/build/bin/clang++     -o CMakeFiles/cmTC_1aa87.dir/CMakeCXXCompilerABI.cpp.o -c /usr/share/cmake/Modules/CMakeCXXCompilerABI.cpp]
  ignore line: [Linking CXX executable cmTC_1aa87]
  ignore line: [/usr/bin/cmake -E cmake_link_script CMakeFiles/cmTC_1aa87.dir/link.txt --verbose=1]
  ignore line: [/home/and21829/llvm/llvm_19/build/bin/clang++      -v -rdynamic CMakeFiles/cmTC_1aa87.dir/CMakeCXXCompilerABI.cpp.o  -o cmTC_1aa87 ]
  ignore line: [clang version 19.1.7 (https://github.com/llvm/llvm-project.git cd708029e0b2869e80abe31ddb175f7c35361f90)]
  ignore line: [Target: x86_64-unknown-linux-gnu]
  ignore line: [Thread model: posix]
  ignore line: [InstalledDir: /home/and21829/llvm/llvm_19/build/bin]
  ignore line: [Found candidate GCC installation: /usr/lib/gcc/x86_64-redhat-linux/8]
  ignore line: [Selected GCC installation: /usr/lib/gcc/x86_64-redhat-linux/8]
  ignore line: [Candidate multilib: .]
  ignore line: [@m64]
  ignore line: [Candidate multilib: 32]
  ignore line: [@m32]
  ignore line: [Selected multilib: .]
  ignore line: [@m64]
  link line: [ "/usr/bin/ld" --hash-style=gnu --eh-frame-hdr -m elf_x86_64 -export-dynamic -pie -dynamic-linker /lib64/ld-linux-x86-64.so.2 -o cmTC_1aa87 /usr/lib/gcc/x86_64-redhat-linux/8/../../../../lib64/Scrt1.o /usr/lib/gcc/x86_64-redhat-linux/8/../../../../lib64/crti.o /usr/lib/gcc/x86_64-redhat-linux/8/crtbeginS.o -L/usr/lib/gcc/x86_64-redhat-linux/8 -L/usr/lib/gcc/x86_64-redhat-linux/8/../../../../lib64 -L/lib/../lib64 -L/usr/lib/../lib64 -L/lib -L/usr/lib CMakeFiles/cmTC_1aa87.dir/CMakeCXXCompilerABI.cpp.o -lstdc++ -lm -lgcc_s -lgcc -lc -lgcc_s -lgcc /usr/lib/gcc/x86_64-redhat-linux/8/crtendS.o /usr/lib/gcc/x86_64-redhat-linux/8/../../../../lib64/crtn.o]
    arg [/usr/bin/ld] ==> ignore
    arg [--hash-style=gnu] ==> ignore
    arg [--eh-frame-hdr] ==> ignore
    arg [-m] ==> ignore
    arg [elf_x86_64] ==> ignore
    arg [-export-dynamic] ==> ignore
    arg [-pie] ==> ignore
    arg [-dynamic-linker] ==> ignore
    arg [/lib64/ld-linux-x86-64.so.2] ==> ignore
    arg [-o] ==> ignore
    arg [cmTC_1aa87] ==> ignore
    arg [/usr/lib/gcc/x86_64-redhat-linux/8/../../../../lib64/Scrt1.o] ==> ignore
    arg [/usr/lib/gcc/x86_64-redhat-linux/8/../../../../lib64/crti.o] ==> ignore
    arg [/usr/lib/gcc/x86_64-redhat-linux/8/crtbeginS.o] ==> ignore
    arg [-L/usr/lib/gcc/x86_64-redhat-linux/8] ==> dir [/usr/lib/gcc/x86_64-redhat-linux/8]
    arg [-L/usr/lib/gcc/x86_64-redhat-linux/8/../../../../lib64] ==> dir [/usr/lib/gcc/x86_64-redhat-linux/8/../../../../lib64]
    arg [-L/lib/../lib64] ==> dir [/lib/../lib64]
    arg [-L/usr/lib/../lib64] ==> dir [/usr/lib/../lib64]
    arg [-L/lib] ==> dir [/lib]
    arg [-L/usr/lib] ==> dir [/usr/lib]
    arg [CMakeFiles/cmTC_1aa87.dir/CMakeCXXCompilerABI.cpp.o] ==> ignore
    arg [-lstdc++] ==> lib [stdc++]
    arg [-lm] ==> lib [m]
    arg [-lgcc_s] ==> lib [gcc_s]
    arg [-lgcc] ==> lib [gcc]
    arg [-lc] ==> lib [c]
    arg [-lgcc_s] ==> lib [gcc_s]
    arg [-lgcc] ==> lib [gcc]
    arg [/usr/lib/gcc/x86_64-redhat-linux/8/crtendS.o] ==> ignore
    arg [/usr/lib/gcc/x86_64-redhat-linux/8/../../../../lib64/crtn.o] ==> ignore
  collapse library dir [/usr/lib/gcc/x86_64-redhat-linux/8] ==> [/usr/lib/gcc/x86_64-redhat-linux/8]
  collapse library dir [/usr/lib/gcc/x86_64-redhat-linux/8/../../../../lib64] ==> [/usr/lib64]
  collapse library dir [/lib/../lib64] ==> [/lib64]
  collapse library dir [/usr/lib/../lib64] ==> [/usr/lib64]
  collapse library dir [/lib] ==> [/lib]
  collapse library dir [/usr/lib] ==> [/usr/lib]
  implicit libs: [stdc++;m;gcc_s;gcc;c;gcc_s;gcc]
  implicit dirs: [/usr/lib/gcc/x86_64-redhat-linux/8;/usr/lib64;/lib64;/lib;/usr/lib]
  implicit fwks: []




Detecting CXX [-std=c++1z] compiler features compiled with the following output:
Change Dir: /home/and21829/llvm/memtrace-llvmpass/build/CMakeFiles/CMakeTmp

Run Build Command:"/usr/bin/gmake" "cmTC_fbc0a/fast"
/usr/bin/gmake -f CMakeFiles/cmTC_fbc0a.dir/build.make CMakeFiles/cmTC_fbc0a.dir/build
gmake[1]: Entering directory '/home/and21829/llvm/memtrace-llvmpass/build/CMakeFiles/CMakeTmp'
Building CXX object CMakeFiles/cmTC_fbc0a.dir/feature_tests.cxx.o
/home/and21829/llvm/llvm_19/build/bin/clang++    -std=c++1z -o CMakeFiles/cmTC_fbc0a.dir/feature_tests.cxx.o -c /home/and21829/llvm/memtrace-llvmpass/build/CMakeFiles/feature_tests.cxx
Linking CXX executable cmTC_fbc0a
/usr/bin/cmake -E cmake_link_script CMakeFiles/cmTC_fbc0a.dir/link.txt --verbose=1
/home/and21829/llvm/llvm_19/build/bin/clang++       -rdynamic CMakeFiles/cmTC_fbc0a.dir/feature_tests.cxx.o  -o cmTC_fbc0a 
gmake[1]: Leaving directory '/home/and21829/llvm/memtrace-llvmpass/build/CMakeFiles/CMakeTmp'


    Feature record: CXX_FEATURE:1cxx_aggregate_default_initializers
    Feature record: CXX_FEATURE:1cxx_alias_templates
    Feature record: CXX_FEATURE:1cxx_alignas
    Feature record: CXX_FEATURE:1cxx_alignof
    Feature record: CXX_FEATURE:1cxx_attributes
    Feature record: CXX_FEATURE:1cxx_attribute_deprecated
    Feature record: CXX_FEATURE:1cxx_auto_type
    Feature record: CXX_FEATURE:1cxx_binary_literals
    Feature record: CXX_FEATURE:1cxx_constexpr
    Feature record: CXX_FEATURE:1cxx_contextual_conversions
    Feature record: CXX_FEATURE:1cxx_decltype
    Feature record: CXX_FEATURE:1cxx_decltype_auto
    Feature record: CXX_FEATURE:1cxx_decltype_incomplete_return_types
    Feature record: CXX_FEATURE:1cxx_default_function_template_args
    Feature record: CXX_FEATURE:1cxx_defaulted_functions
    Feature record: CXX_FEATURE:1cxx_defaulted_move_initializers
    Feature record: CXX_FEATURE:1cxx_delegating_constructors
    Feature record: CXX_FEATURE:1cxx_deleted_functions
    Feature record: CXX_FEATURE:1cxx_digit_separators
    Feature record: CXX_FEATURE:1cxx_enum_forward_declarations
    Feature record: CXX_FEATURE:1cxx_explicit_conversions
    Feature record: CXX_FEATURE:1cxx_extended_friend_declarations
    Feature record: CXX_FEATURE:1cxx_extern_templates
    Feature record: CXX_FEATURE:1cxx_final
    Feature record: CXX_FEATURE:1cxx_func_identifier
    Feature record: CXX_FEATURE:1cxx_generalized_initializers
    Feature record: CXX_FEATURE:1cxx_generic_lambdas
    Feature record: CXX_FEATURE:1cxx_inheriting_constructors
    Feature record: CXX_FEATURE:1cxx_inline_namespaces
    Feature record: CXX_FEATURE:1cxx_lambdas
    Feature record: CXX_FEATURE:1cxx_lambda_init_captures
    Feature record: CXX_FEATURE:1cxx_local_type_template_args
    Feature record: CXX_FEATURE:1cxx_long_long_type
    Feature record: CXX_FEATURE:1cxx_noexcept
    Feature record: CXX_FEATURE:1cxx_nonstatic_member_init
    Feature record: CXX_FEATURE:1cxx_nullptr
    Feature record: CXX_FEATURE:1cxx_override
    Feature record: CXX_FEATURE:1cxx_range_for
    Feature record: CXX_FEATURE:1cxx_raw_string_literals
    Feature record: CXX_FEATURE:1cxx_reference_qualified_functions
    Feature record: CXX_FEATURE:1cxx_relaxed_constexpr
    Feature record: CXX_FEATURE:1cxx_return_type_deduction
    Feature record: CXX_FEATURE:1cxx_right_angle_brackets
    Feature record: CXX_FEATURE:1cxx_rvalue_references
    Feature record: CXX_FEATURE:1cxx_sizeof_member
    Feature record: CXX_FEATURE:1cxx_static_assert
    Feature record: CXX_FEATURE:1cxx_strong_enums
    Feature record: CXX_FEATURE:1cxx_template_template_parameters
    Feature record: CXX_FEATURE:1cxx_thread_local
    Feature record: CXX_FEATURE:1cxx_trailing_return_types
    Feature record: CXX_FEATURE:1cxx_unicode_literals
    Feature record: CXX_FEATURE:1cxx_uniform_initialization
    Feature record: CXX_FEATURE:1cxx_unrestricted_unions
    Feature record: CXX_FEATURE:1cxx_user_literals
    Feature record: CXX_FEATURE:1cxx_variable_templates
    Feature record: CXX_FEATURE:1cxx_variadic_macros
    Feature record: CXX_FEATURE:1cxx_variadic_templates


Detecting CXX [-std=c++14] compiler features compiled with the following output:
Change Dir: /home/and21829/llvm/memtrace-llvmpass/build/CMakeFiles/CMakeTmp

Run Build Command:"/usr/bin/gmake" "cmTC_522ca/fast"
/usr/bin/gmake -f CMakeFiles/cmTC_522ca.dir/build.make CMakeFiles/cmTC_522ca.dir/build
gmake[1]: Entering directory '/home/and21829/llvm/memtrace-llvmpass/build/CMakeFiles/CMakeTmp'
Building CXX object CMakeFiles/cmTC_522ca.dir/feature_tests.cxx.o
/home/and21829/llvm/llvm_19/build/bin/clang++    -std=c++14 -o CMakeFiles/cmTC_522ca.dir/feature_tests.cxx.o -c /home/and21829/llvm/memtrace-llvmpass/build/CMakeFiles/feature_tests.cxx
Linking CXX executable cmTC_522ca
/usr/bin/cmake -E cmake_link_script CMakeFiles/cmTC_522ca.dir/link.txt --verbose=1
/home/and21829/llvm/llvm_19/build/bin/clang++       -rdynamic CMakeFiles/cmTC_522ca.dir/feature_tests.cxx.o  -o cmTC_522ca 
gmake[1]: Leaving directory '/home/and21829/llvm/memtrace-llvmpass/build/CMakeFiles/CMakeTmp'


    Feature record: CXX_FEATURE:1cxx_aggregate_default_initializers
    Feature record: CXX_FEATURE:1cxx_alias_templates
    Feature record: CXX_FEATURE:1cxx_alignas
    Feature record: CXX_FEATURE:1cxx_alignof
    Feature record: CXX_FEATURE:1cxx_attributes
    Feature record: CXX_FEATURE:1cxx_attribute_deprecated
    Feature record: CXX_FEATURE:1cxx_auto_type
    Feature record: CXX_FEATURE:1cxx_binary_literals
    Feature record: CXX_FEATURE:1cxx_constexpr
    Feature record: CXX_FEATURE:1cxx_contextual_conversions
    Feature record: CXX_FEATURE:1cxx_decltype
    Feature record: CXX_FEATURE:1cxx_decltype_auto
    Feature record: CXX_FEATURE:1cxx_decltype_incomplete_return_types
    Feature record: CXX_FEATURE:1cxx_default_function_template_args
    Feature record: CXX_FEATURE:1cxx_defaulted_functions
    Feature record: CXX_FEATURE:1cxx_defaulted_move_initializers
    Feature record: CXX_FEATURE:1cxx_delegating_constructors
    Feature record: CXX_FEATURE:1cxx_deleted_functions
    Feature record: CXX_FEATURE:1cxx_digit_separators
    Feature record: CXX_FEATURE:1cxx_enum_forward_declarations
    Feature record: CXX_FEATURE:1cxx_explicit_conversions
    Feature record: CXX_FEATURE:1cxx_extended_friend_declarations
    Feature record: CXX_FEATURE:1cxx_extern_templates
    Feature record: CXX_FEATURE:1cxx_final
    Feature record: CXX_FEATURE:1cxx_func_identifier
    Feature record: CXX_FEATURE:1cxx_generalized_initializers
    Feature record: CXX_FEATURE:1cxx_generic_lambdas
    Feature record: CXX_FEATURE:1cxx_inheriting_constructors
    Feature record: CXX_FEATURE:1cxx_inline_namespaces
    Feature record: CXX_FEATURE:1cxx_lambdas
    Feature record: CXX_FEATURE:1cxx_lambda_init_captures
    Feature record: CXX_FEATURE:1cxx_local_type_template_args
    Feature record: CXX_FEATURE:1cxx_long_long_type
    Feature record: CXX_FEATURE:1cxx_noexcept
    Feature record: CXX_FEATURE:1cxx_nonstatic_member_init
    Feature record: CXX_FEATURE:1cxx_nullptr
    Feature record: CXX_FEATURE:1cxx_override
    Feature record: CXX_FEATURE:1cxx_range_for
    Feature record: CXX_FEATURE:1cxx_raw_string_literals
    Feature record: CXX_FEATURE:1cxx_reference_qualified_functions
    Feature record: CXX_FEATURE:1cxx_relaxed_constexpr
    Feature record: CXX_FEATURE:1cxx_return_type_deduction
    Feature record: CXX_FEATURE:1cxx_right_angle_brackets
    Feature record: CXX_FEATURE:1cxx_rvalue_references
    Feature record: CXX_FEATURE:1cxx_sizeof_member
    Feature record: CXX_FEATURE:1cxx_static_assert
    Feature record: CXX_FEATURE:1cxx_strong_enums
    Feature record: CXX_FEATURE:1cxx_template_template_parameters
    Feature record: CXX_FEATURE:1cxx_thread_local
    Feature record: CXX_FEATURE:1cxx_trailing_return_types
    Feature record: CXX_FEATURE:1cxx_unicode_literals
    Feature record: CXX_FEATURE:1cxx_uniform_initialization
    Feature record: CXX_FEATURE:1cxx_unrestricted_unions
    Feature record: CXX_FEATURE:1cxx_user_literals
    Feature record: CXX_FEATURE:1cxx_variable_templates
    Feature record: CXX_FEATURE:1cxx_variadic_macros
    Feature record: CXX_FEATURE:1cxx_variadic_templates


Detecting CXX [-std=c++11] compiler features compiled with the following output:
Change Dir: /home/and21829/llvm/memtrace-llvmpass/build/CMakeFiles/CMakeTmp

Run Build Command:"/usr/bin/gmake" "cmTC_9bc84/fast"
/usr/bin/gmake -f CMakeFiles/cmTC_9bc84.dir/build.make CMakeFiles/cmTC_9bc84.dir/build
gmake[1]: Entering directory '/home/and21829/llvm/memtrace-llvmpass/build/CMakeFiles/CMakeTmp'
Building CXX object CMakeFiles/cmTC_9bc84.dir/feature_tests.cxx.o
/home/and21829/llvm/llvm_19/build/bin/clang++    -std=c++11 -o CMakeFiles/cmTC_9bc84.dir/feature_tests.cxx.o -c /home/and21829/llvm/memtrace-llvmpass/build/CMakeFiles/feature_tests.cxx
Linking CXX executable cmTC_9bc84
/usr/bin/cmake -E cmake_link_script CMakeFiles/cmTC_9bc84.dir/link.txt --verbose=1
/home/and21829/llvm/llvm_19/build/bin/clang++       -rdynamic CMakeFiles/cmTC_9bc84.dir/feature_tests.cxx.o  -o cmTC_9bc84 
gmake[1]: Leaving directory '/home/and21829/llvm/memtrace-llvmpass/build/CMakeFiles/CMakeTmp'


    Feature record: CXX_FEATURE:0cxx_aggregate_default_initializers
    Feature record: CXX_FEATURE:1cxx_alias_templates
    Feature record: CXX_FEATURE:1cxx_alignas
    Feature record: CXX_FEATURE:1cxx_alignof
    Feature record: CXX_FEATURE:1cxx_attributes
    Feature record: CXX_FEATURE:0cxx_attribute_deprecated
    Feature record: CXX_FEATURE:1cxx_auto_type
    Feature record: CXX_FEATURE:0cxx_binary_literals
    Feature record: CXX_FEATURE:1cxx_constexpr
    Feature record: CXX_FEATURE:0cxx_contextual_conversions
    Feature record: CXX_FEATURE:1cxx_decltype
    Feature record: CXX_FEATURE:0cxx_decltype_auto
    Feature record: CXX_FEATURE:1cxx_decltype_incomplete_return_types
    Feature record: CXX_FEATURE:1cxx_default_function_template_args
    Feature record: CXX_FEATURE:1cxx_defaulted_functions
    Feature record: CXX_FEATURE:1cxx_defaulted_move_initializers
    Feature record: CXX_FEATURE:1cxx_delegating_constructors
    Feature record: CXX_FEATURE:1cxx_deleted_functions
    Feature record: CXX_FEATURE:0cxx_digit_separators
    Feature record: CXX_FEATURE:1cxx_enum_forward_declarations
    Feature record: CXX_FEATURE:1cxx_explicit_conversions
    Feature record: CXX_FEATURE:1cxx_extended_friend_declarations
    Feature record: CXX_FEATURE:1cxx_extern_templates
    Feature record: CXX_FEATURE:1cxx_final
    Feature record: CXX_FEATURE:1cxx_func_identifier
    Feature record: CXX_FEATURE:1cxx_generalized_initializers
    Feature record: CXX_FEATURE:0cxx_generic_lambdas
    Feature record: CXX_FEATURE:1cxx_inheriting_constructors
    Feature record: CXX_FEATURE:1cxx_inline_namespaces
    Feature record: CXX_FEATURE:1cxx_lambdas
    Feature record: CXX_FEATURE:0cxx_lambda_init_captures
    Feature record: CXX_FEATURE:1cxx_local_type_template_args
    Feature record: CXX_FEATURE:1cxx_long_long_type
    Feature record: CXX_FEATURE:1cxx_noexcept
    Feature record: CXX_FEATURE:1cxx_nonstatic_member_init
    Feature record: CXX_FEATURE:1cxx_nullptr
    Feature record: CXX_FEATURE:1cxx_override
    Feature record: CXX_FEATURE:1cxx_range_for
    Feature record: CXX_FEATURE:1cxx_raw_string_literals
    Feature record: CXX_FEATURE:1cxx_reference_qualified_functions
    Feature record: CXX_FEATURE:0cxx_relaxed_constexpr
    Feature record: CXX_FEATURE:0cxx_return_type_deduction
    Feature record: CXX_FEATURE:1cxx_right_angle_brackets
    Feature record: CXX_FEATURE:1cxx_rvalue_references
    Feature record: CXX_FEATURE:1cxx_sizeof_member
    Feature record: CXX_FEATURE:1cxx_static_assert
    Feature record: CXX_FEATURE:1cxx_strong_enums
    Feature record: CXX_FEATURE:1cxx_template_template_parameters
    Feature record: CXX_FEATURE:1cxx_thread_local
    Feature record: CXX_FEATURE:1cxx_trailing_return_types
    Feature record: CXX_FEATURE:1cxx_unicode_literals
    Feature record: CXX_FEATURE:1cxx_uniform_initialization
    Feature record: CXX_FEATURE:1cxx_unrestricted_unions
    Feature record: CXX_FEATURE:1cxx_user_literals
    Feature record: CXX_FEATURE:0cxx_variable_templates
    Feature record: CXX_FEATURE:1cxx_variadic_macros
    Feature record: CXX_FEATURE:1cxx_variadic_templates


Detecting CXX [-std=c++98] compiler features compiled with the following output:
Change Dir: /home/and21829/llvm/memtrace-llvmpass/build/CMakeFiles/CMakeTmp

Run Build Command:"/usr/bin/gmake" "cmTC_d2bfc/fast"
/usr/bin/gmake -f CMakeFiles/cmTC_d2bfc.dir/build.make CMakeFiles/cmTC_d2bfc.dir/build
gmake[1]: Entering directory '/home/and21829/llvm/memtrace-llvmpass/build/CMakeFiles/CMakeTmp'
Building CXX object CMakeFiles/cmTC_d2bfc.dir/feature_tests.cxx.o
/home/and21829/llvm/llvm_19/build/bin/clang++    -std=c++98 -o CMakeFiles/cmTC_d2bfc.dir/feature_tests.cxx.o -c /home/and21829/llvm/memtrace-llvmpass/build/CMakeFiles/feature_tests.cxx
Linking CXX executable cmTC_d2bfc
/usr/bin/cmake -E cmake_link_script CMakeFiles/cmTC_d2bfc.dir/link.txt --verbose=1
/home/and21829/llvm/llvm_19/build/bin/clang++       -rdynamic CMakeFiles/cmTC_d2bfc.dir/feature_tests.cxx.o  -o cmTC_d2bfc 
gmake[1]: Leaving directory '/home/and21829/llvm/memtrace-llvmpass/build/CMakeFiles/CMakeTmp'


    Feature record: CXX_FEATURE:0cxx_aggregate_default_initializers
    Feature record: CXX_FEATURE:0cxx_alias_templates
    Feature record: CXX_FEATURE:0cxx_alignas
    Feature record: CXX_FEATURE:0cxx_alignof
    Feature record: CXX_FEATURE:0cxx_attributes
    Feature record: CXX_FEATURE:0cxx_attribute_deprecated
    Feature record: CXX_FEATURE:0cxx_auto_type
    Feature record: CXX_FEATURE:0cxx_binary_literals
    Feature record: CXX_FEATURE:0cxx_constexpr
    Feature record: CXX_FEATURE:0cxx_contextual_conversions
    Feature record: CXX_FEATURE:0cxx_decltype
    Feature record: CXX_FEATURE:0cxx_decltype_auto
    Feature record: CXX_FEATURE:0cxx_decltype_incomplete_return_types
    Feature record: CXX_FEATURE:0cxx_default_function_template_args
    Feature record: CXX_FEATURE:0cxx_defaulted_functions
    Feature record: CXX_FEATURE:0cxx_defaulted_move_initializers
    Feature record: CXX_FEATURE:0cxx_delegating_constructors
    Feature record: CXX_FEATURE:0cxx_deleted_functions
    Feature record: CXX_FEATURE:0cxx_digit_separators
    Feature record: CXX_FEATURE:0cxx_enum_forward_declarations
    Feature record: CXX_FEATURE:0cxx_explicit_conversions
    Feature record: CXX_FEATURE:0cxx_extended_friend_declarations
    Feature record: CXX_FEATURE:0cxx_extern_templates
    Feature record: CXX_FEATURE:0cxx_final
    Feature record: CXX_FEATURE:0cxx_func_identifier
    Feature record: CXX_FEATURE:0cxx_generalized_initializers
    Feature record: CXX_FEATURE:0cxx_generic_lambdas
    Feature record: CXX_FEATURE:0cxx_inheriting_constructors
    Feature record: CXX_FEATURE:0cxx_inline_namespaces
    Feature record: CXX_FEATURE:0cxx_lambdas
    Feature record: CXX_FEATURE:0cxx_lambda_init_captures
    Feature record: CXX_FEATURE:0cxx_local_type_template_args
    Feature record: CXX_FEATURE:0cxx_long_long_type
    Feature record: CXX_FEATURE:0cxx_noexcept
    Feature record: CXX_FEATURE:0cxx_nonstatic_member_init
    Feature record: CXX_FEATURE:0cxx_nullptr
    Feature record: CXX_FEATURE:0cxx_override
    Feature record: CXX_FEATURE:0cxx_range_for
    Feature record: CXX_FEATURE:0cxx_raw_string_literals
    Feature record: CXX_FEATURE:0cxx_reference_qualified_functions
    Feature record: CXX_FEATURE:0cxx_relaxed_constexpr
    Feature record: CXX_FEATURE:0cxx_return_type_deduction
    Feature record: CXX_FEATURE:0cxx_right_angle_brackets
    Feature record: CXX_FEATURE:0cxx_rvalue_references
    Feature record: CXX_FEATURE:0cxx_sizeof_member
    Feature record: CXX_FEATURE:0cxx_static_assert
    Feature record: CXX_FEATURE:0cxx_strong_enums
    Feature record: CXX_FEATURE:1cxx_template_template_parameters
    Feature record: CXX_FEATURE:0cxx_thread_local
    Feature record: CXX_FEATURE:0cxx_trailing_return_types
    Feature record: CXX_FEATURE:0cxx_unicode_literals
    Feature record: CXX_FEATURE:0cxx_uniform_initialization
    Feature record: CXX_FEATURE:0cxx_unrestricted_unions
    Feature record: CXX_FEATURE:0cxx_user_literals
    Feature record: CXX_FEATURE:0cxx_variable_templates
    Feature record: CXX_FEATURE:0cxx_variadic_macros
    Feature record: CXX_FEATURE:0cxx_variadic_templates
